<?xml version='1.0' encoding='UTF-8'?>
<testsuite hostname="MacBookAir.lan" name="simd.ProcessorTester" tests="1" errors="0" failures="0" skipped="0" time="18.899" timestamp="2026-01-18T16:49:42">
          <properties>
[...]
</properties>
          <testcase classname="simd.ProcessorTester" name="Processor should run" time="18.899">
                      
                    </testcase>
          <system-out><![CDATA[]]></system-out>
          <system-err><![CDATA[]]></system-err>
        </testsuite>