[0m[[0m[0mdebug[0m] [0m[0mRunning TaskDef(simd.ProcessorTester, org.scalatest.tools.Framework$$anon$1@1b9c1acb, false, [SuiteSelector])[0m
[0m[[0m[0minfo[0m] [0m[0m[32mProcessorTester:[0m[0m
[0m[[0m[0minfo[0m] [0m[0m[32mProcessor[0m[0m
[0m[[0m[0minfo[0m] [0m[0m[31m- should run *** FAILED ***[0m[0m
[0m[[0m[0minfo[0m] [0m[0m[31m  java.lang.IllegalArgumentException: requirement failed: Program did not reach terminal loop OR end-of-program. Ran 200 cycles. stablePcCount=0 reachedEnd=false[0m[0m
[0m[[0m[0minfo[0m] [0m[0m[31m  at scala.Predef$.require(Predef.scala:337)[0m[0m
[0m[[0m[0minfo[0m] [0m[0m[31m  at simd.ProcessorTester.$anonfun$new$3(ProcessorTester.scala:127)[0m[0m
[0m[[0m[0minfo[0m] [0m[0m[31m  at simd.ProcessorTester.$anonfun$new$3$adapted(ProcessorTester.scala:21)[0m[0m
[0m[[0m[0minfo[0m] [0m[0m[31m  at chiseltest.internal.GenericBackend.$anonfun$run$1(GenericBackend.scala:151)[0m[0m
[0m[[0m[0minfo[0m] [0m[0m[31m  at chiseltest.internal.ThreadedBackend$TesterThread$$anon$1.$anonfun$run$1(ThreadedBackend.scala:495)[0m[0m
[0m[[0m[0minfo[0m] [0m[0m[31m  at chiseltest.internal.GenericBackend.doTimescope(GenericBackend.scala:96)[0m[0m
[0m[[0m[0minfo[0m] [0m[0m[31m  at chiseltest.internal.ThreadedBackend$TesterThread$$anon$1.run(ThreadedBackend.scala:495)[0m[0m
[0m[[0m[0minfo[0m] [0m[0m[31m  at java.base/java.lang.Thread.run(Thread.java:829)[0m[0m
[0m[[0m[0minfo[0m] [0m[0m[31m  ...[0m[0m
[0m[[0m[0minfo[0m] [0m[0m[36mRun completed in 6 seconds, 977 milliseconds.[0m[0m
[0m[[0m[0minfo[0m] [0m[0m[36mTotal number of tests run: 1[0m[0m
[0m[[0m[0minfo[0m] [0m[0m[36mSuites: completed 1, aborted 0[0m[0m
[0m[[0m[0minfo[0m] [0m[0m[36mTests: succeeded 0, failed 1, canceled 0, ignored 0, pending 0[0m[0m
[0m[[0m[0minfo[0m] [0m[0m[31m*** 1 TEST FAILED ***[0m[0m
[0m[[0m[31merror[0m] [0m[0mFailed tests:[0m
[0m[[0m[31merror[0m] [0m[0m	simd.ProcessorTester[0m
[0m[[0m[31merror[0m] [0m[0m(Test / [31mtest[0m) sbt.TestsFailedException: Tests unsuccessful[0m
